2023-05-08 11:25:28 INFO  Username and password provided but auth provider not specified, inferring PlainTextAuthProvider
2023-05-08 11:25:28 INFO  A cloud secure connect bundle was provided: ignoring all explicit contact points.
2023-05-08 11:25:28 INFO  A cloud secure connect bundle was provided and selected operation performs writes: changing default consistency level to LOCAL_QUORUM.
2023-05-08 11:25:28 INFO  Operation directory: /workspace/workshop-betterreads/logs/LOAD_20230508-112528-609878
2023-05-08 11:25:33 INFO  Setting executor.maxPerSecond not set when connecting to DataStax Astra: applying a limit of 9,000 ops/second based on the number of coordinators (3).
2023-05-08 11:25:33 INFO  If your Astra database has higher limits, please define executor.maxPerSecond explicitly.
2023-05-08 11:25:43 WARN  At least 1 record does not match the provided schema.mapping or schema.query. Please check that the connector configuration and the schema configuration are correct.
2023-05-08 11:25:46 WARN  Query generated server-side warning: Detected collection author_id with 21 items, greater than the maximum recommended (20)
2023-05-08 11:25:52 WARN  Query generated server-side warning: Detected collection author_id with 32 items, greater than the maximum recommended (20)
2023-05-08 11:26:12 WARN  Query generated server-side warning: Detected collection author_id with 29 items, greater than the maximum recommended (20)
2023-05-08 11:26:43 WARN  Operation LOAD_20230508-112528-609878 completed with 183 errors in 1 minute and 8 seconds.
2023-05-08 11:26:43 INFO  Records: total: 250,000, successful: 249,817, failed: 183
2023-05-08 11:26:43 INFO  Batches: total: 249,817, size: 1.00 mean, 1 min, 1 max
2023-05-08 11:26:43 INFO  Memory usage: used: 955 MB, free: 1,060 MB, allocated: 2,016 MB, available: 16,080 MB, total gc count: 11, total gc time: 495 ms
2023-05-08 11:26:43 INFO  Writes: total: 249,817, successful: 249,817, failed: 0, in-flight: 0
2023-05-08 11:26:43 INFO  Throughput: 3,592 writes/second
2023-05-08 11:26:43 INFO  Latencies: mean 67.89, 75p 66.06, 99p 103.28, 999p 192.94 milliseconds
2023-05-08 11:26:45 INFO  Final stats:
2023-05-08 11:26:45 INFO  Records: total: 250,000, successful: 249,817, failed: 183
2023-05-08 11:26:45 INFO  Batches: total: 249,817, size: 1.00 mean, 1 min, 1 max
2023-05-08 11:26:45 INFO  Memory usage: used: 972 MB, free: 1,043 MB, allocated: 2,016 MB, available: 16,080 MB, total gc count: 11, total gc time: 495 ms
2023-05-08 11:26:45 INFO  Writes: total: 249,817, successful: 249,817, failed: 0, in-flight: 0
2023-05-08 11:26:45 INFO  Throughput: 3,490 writes/second
2023-05-08 11:26:45 INFO  Latencies: mean 67.89, 75p 66.06, 99p 103.28, 999p 192.94 milliseconds
2023-05-08 11:26:45 INFO  Rejected records can be found in the following file(s): mapping.bad, connector.bad
2023-05-08 11:26:45 INFO  Errors are detailed in the following file(s): mapping-errors.log, connector-errors.log
2023-05-08 11:26:45 INFO  Checkpoints for the current operation were written to checkpoint.csv.
2023-05-08 11:26:45 INFO  To resume the current operation, re-run it with the same settings, and add the following command line flag:
2023-05-08 11:26:45 INFO  --dsbulk.log.checkpoint.file=/workspace/workshop-betterreads/logs/LOAD_20230508-112528-609878/checkpoint.csv
