2023-02-20 14:55:54 INFO  Username and password provided but auth provider not specified, inferring PlainTextAuthProvider
2023-02-20 14:55:54 INFO  A cloud secure connect bundle was provided: ignoring all explicit contact points.
2023-02-20 14:55:54 INFO  A cloud secure connect bundle was provided and selected operation performs writes: changing default consistency level to LOCAL_QUORUM.
2023-02-20 14:55:54 INFO  Operation directory: /Users/cedricklunven/dev/workspaces/datastax-workshops/workshop-betterreads/logs/LOAD_20230220-145554-617703
2023-02-20 14:55:59 INFO  Setting executor.maxPerSecond not set when connecting to DataStax Astra: applying a limit of 9,000 ops/second based on the number of coordinators (3).
2023-02-20 14:55:59 INFO  If your Astra database has higher limits, please define executor.maxPerSecond explicitly.
2023-02-20 14:56:12 WARN  At least 1 record does not match the provided schema.mapping or schema.query. Please check that the connector configuration and the schema configuration are correct.
2023-02-20 14:58:20 WARN  Operation LOAD_20230220-145554-617703 completed with 183 errors in 2 minutes and 20 seconds.
2023-02-20 14:58:20 INFO  Records: total: 250,000, successful: 249,817, failed: 183
2023-02-20 14:58:20 INFO  Batches: total: 249,817, size: 1.00 mean, 1 min, 1 max
2023-02-20 14:58:20 INFO  Memory usage: used: 303 MB, free: 316 MB, allocated: 620 MB, available: 8,192 MB, total gc count: 37, total gc time: 135 ms
2023-02-20 14:58:20 INFO  Writes: total: 249,817, successful: 249,817, failed: 0, in-flight: 0
2023-02-20 14:58:20 INFO  Throughput: 1,771 writes/second
2023-02-20 14:58:20 INFO  Latencies: mean 107.92, 75p 109.05, 99p 136.31, 999p 362.81 milliseconds
2023-02-20 14:58:22 INFO  Final stats:
2023-02-20 14:58:22 INFO  Records: total: 250,000, successful: 249,817, failed: 183
2023-02-20 14:58:22 INFO  Batches: total: 249,817, size: 1.00 mean, 1 min, 1 max
2023-02-20 14:58:22 INFO  Memory usage: used: 306 MB, free: 313 MB, allocated: 620 MB, available: 8,192 MB, total gc count: 37, total gc time: 135 ms
2023-02-20 14:58:22 INFO  Writes: total: 249,817, successful: 249,817, failed: 0, in-flight: 0
2023-02-20 14:58:22 INFO  Throughput: 1,746 writes/second
2023-02-20 14:58:22 INFO  Latencies: mean 107.92, 75p 109.05, 99p 136.31, 999p 362.81 milliseconds
2023-02-20 14:58:22 INFO  Rejected records can be found in the following file(s): connector.bad, mapping.bad
2023-02-20 14:58:22 INFO  Errors are detailed in the following file(s): connector-errors.log, mapping-errors.log
2023-02-20 14:58:22 INFO  Checkpoints for the current operation were written to checkpoint.csv.
2023-02-20 14:58:22 INFO  To resume the current operation, re-run it with the same settings, and add the following command line flag:
2023-02-20 14:58:22 INFO  --dsbulk.log.checkpoint.file=/Users/cedricklunven/dev/workspaces/datastax-workshops/workshop-betterreads/logs/LOAD_20230220-145554-617703/checkpoint.csv
