2023-02-20 15:31:54 INFO  Username and password provided but auth provider not specified, inferring PlainTextAuthProvider
2023-02-20 15:31:54 INFO  A cloud secure connect bundle was provided: ignoring all explicit contact points.
2023-02-20 15:31:54 INFO  A cloud secure connect bundle was provided and selected operation performs writes: changing default consistency level to LOCAL_QUORUM.
2023-02-20 15:31:54 INFO  Operation directory: /Users/cedricklunven/dev/workspaces/datastax-workshops/workshop-betterreads/logs/LOAD_20230220-153154-071483
2023-02-20 15:31:59 INFO  Setting executor.maxPerSecond not set when connecting to DataStax Astra: applying a limit of 9,000 ops/second based on the number of coordinators (3).
2023-02-20 15:31:59 INFO  If your Astra database has higher limits, please define executor.maxPerSecond explicitly.
2023-02-20 15:32:06 WARN  At least 1 record does not match the provided schema.mapping or schema.query. Please check that the connector configuration and the schema configuration are correct.
2023-02-20 15:32:36 WARN  Query generated server-side warning: Detected collection author_id with 21 items, greater than the maximum recommended (20)
2023-02-20 15:33:38 WARN  Query generated server-side warning: Detected collection author_id with 23 items, greater than the maximum recommended (20)
2023-02-20 15:34:14 WARN  Query generated server-side warning: Detected collection author_id with 29 items, greater than the maximum recommended (20)
2023-02-20 15:34:18 WARN  Operation LOAD_20230220-153154-071483 completed with 138 errors in 2 minutes and 19 seconds.
2023-02-20 15:34:18 INFO  Records: total: 250,000, successful: 249,862, failed: 138
2023-02-20 15:34:18 INFO  Batches: total: 249,862, size: 1.00 mean, 1 min, 1 max
2023-02-20 15:34:18 INFO  Memory usage: used: 295 MB, free: 364 MB, allocated: 660 MB, available: 8,192 MB, total gc count: 41, total gc time: 156 ms
2023-02-20 15:34:18 INFO  Writes: total: 249,862, successful: 249,862, failed: 0, in-flight: 0
2023-02-20 15:34:18 INFO  Throughput: 1,786 writes/second
2023-02-20 15:34:18 INFO  Latencies: mean 106.92, 75p 106.43, 99p 136.31, 999p 398.46 milliseconds
2023-02-20 15:34:21 INFO  Final stats:
2023-02-20 15:34:21 INFO  Records: total: 250,000, successful: 249,862, failed: 138
2023-02-20 15:34:21 INFO  Batches: total: 249,862, size: 1.00 mean, 1 min, 1 max
2023-02-20 15:34:21 INFO  Memory usage: used: 298 MB, free: 361 MB, allocated: 660 MB, available: 8,192 MB, total gc count: 41, total gc time: 156 ms
2023-02-20 15:34:21 INFO  Writes: total: 249,862, successful: 249,862, failed: 0, in-flight: 0
2023-02-20 15:34:21 INFO  Throughput: 1,761 writes/second
2023-02-20 15:34:21 INFO  Latencies: mean 106.92, 75p 106.43, 99p 136.31, 999p 398.46 milliseconds
2023-02-20 15:34:21 INFO  Rejected records can be found in the following file(s): connector.bad, mapping.bad
2023-02-20 15:34:21 INFO  Errors are detailed in the following file(s): mapping-errors.log, connector-errors.log
2023-02-20 15:34:21 INFO  Checkpoints for the current operation were written to checkpoint.csv.
2023-02-20 15:34:21 INFO  To resume the current operation, re-run it with the same settings, and add the following command line flag:
2023-02-20 15:34:21 INFO  --dsbulk.log.checkpoint.file=/Users/cedricklunven/dev/workspaces/datastax-workshops/workshop-betterreads/logs/LOAD_20230220-153154-071483/checkpoint.csv
