2023-05-08 11:27:10 INFO  Username and password provided but auth provider not specified, inferring PlainTextAuthProvider
2023-05-08 11:27:10 INFO  A cloud secure connect bundle was provided: ignoring all explicit contact points.
2023-05-08 11:27:10 INFO  A cloud secure connect bundle was provided and selected operation performs writes: changing default consistency level to LOCAL_QUORUM.
2023-05-08 11:27:10 INFO  Operation directory: /workspace/workshop-betterreads/logs/LOAD_20230508-112710-140175
2023-05-08 11:27:14 INFO  Setting executor.maxPerSecond not set when connecting to DataStax Astra: applying a limit of 9,000 ops/second based on the number of coordinators (3).
2023-05-08 11:27:14 INFO  If your Astra database has higher limits, please define executor.maxPerSecond explicitly.
2023-05-08 11:27:19 WARN  At least 1 record does not match the provided schema.mapping or schema.query. Please check that the connector configuration and the schema configuration are correct.
2023-05-08 11:28:21 WARN  Operation LOAD_20230508-112710-140175 completed with 138 errors in 1 minute and 6 seconds.
2023-05-08 11:28:21 INFO  Records: total: 250,000, successful: 249,862, failed: 138
2023-05-08 11:28:21 INFO  Batches: total: 249,862, size: 1.00 mean, 1 min, 1 max
2023-05-08 11:28:21 INFO  Memory usage: used: 847 MB, free: 524 MB, allocated: 1,372 MB, available: 16,080 MB, total gc count: 12, total gc time: 347 ms
2023-05-08 11:28:21 INFO  Writes: total: 249,862, successful: 249,862, failed: 0, in-flight: 0
2023-05-08 11:28:21 INFO  Throughput: 3,727 writes/second
2023-05-08 11:28:21 INFO  Latencies: mean 67.22, 75p 66.32, 99p 100.14, 999p 223.35 milliseconds
2023-05-08 11:28:23 INFO  Final stats:
2023-05-08 11:28:23 INFO  Records: total: 250,000, successful: 249,862, failed: 138
2023-05-08 11:28:23 INFO  Batches: total: 249,862, size: 1.00 mean, 1 min, 1 max
2023-05-08 11:28:23 INFO  Memory usage: used: 859 MB, free: 512 MB, allocated: 1,372 MB, available: 16,080 MB, total gc count: 12, total gc time: 347 ms
2023-05-08 11:28:23 INFO  Writes: total: 249,862, successful: 249,862, failed: 0, in-flight: 0
2023-05-08 11:28:23 INFO  Throughput: 3,615 writes/second
2023-05-08 11:28:23 INFO  Latencies: mean 67.22, 75p 66.32, 99p 100.14, 999p 223.35 milliseconds
2023-05-08 11:28:23 INFO  Rejected records can be found in the following file(s): connector.bad, mapping.bad
2023-05-08 11:28:23 INFO  Errors are detailed in the following file(s): connector-errors.log, mapping-errors.log
2023-05-08 11:28:23 INFO  Checkpoints for the current operation were written to checkpoint.csv.
2023-05-08 11:28:23 INFO  To resume the current operation, re-run it with the same settings, and add the following command line flag:
2023-05-08 11:28:23 INFO  --dsbulk.log.checkpoint.file=/workspace/workshop-betterreads/logs/LOAD_20230508-112710-140175/checkpoint.csv
