Resource: file:/Users/cedricklunven/dev/workspaces/datastax-workshops/workshop-betterreads/dataset/book_by_id_0.csv
Position: 19034
Source: OL15434011W,"[\"OL6837604A\"]","[\"Celestin Louis Tanon\"]",,"L'Ordre du procès civil au XIVe siècle au Châtelet de Paris \","[]",2010-10-30\u000a
java.lang.IllegalArgumentException: Expecting record to contain 7 fields but found 6.
	at com.datastax.oss.dsbulk.connectors.api.DefaultRecord.<init>(DefaultRecord.java:120)
	at com.datastax.oss.dsbulk.connectors.api.DefaultRecord.mapped(DefaultRecord.java:65)
	at com.datastax.oss.dsbulk.connectors.csv.CSVConnector$CSVRecordReader.parseNext(CSVConnector.java:314)
	at com.datastax.oss.dsbulk.connectors.csv.CSVConnector$CSVRecordReader.readNext(CSVConnector.java:291)
	at com.datastax.oss.dsbulk.executor.api.subscription.ResultSubscription.doOnNext(ResultSubscription.java:457) [18 skipped]
	at com.datastax.oss.dsbulk.executor.api.subscription.ResultSubscription.drain(ResultSubscription.java:266)
	at com.datastax.oss.dsbulk.executor.api.subscription.ResultSubscription.lambda$fetchNextPage$3(ResultSubscription.java:394)
	at com.datastax.oss.driver.internal.core.cql.CqlRequestHandler.setFinalResult(CqlRequestHandler.java:324) [3 skipped]
	at com.datastax.oss.driver.internal.core.cql.CqlRequestHandler.access$1500(CqlRequestHandler.java:95)
	at com.datastax.oss.driver.internal.core.cql.CqlRequestHandler$NodeResponseCallback.onResponse(CqlRequestHandler.java:655)

Resource: file:/Users/cedricklunven/dev/workspaces/datastax-workshops/workshop-betterreads/dataset/book_by_id_0.csv
Position: 19691
Source: OL15595402W,"[\"OL6876126A\"]","[\"Mezhdunarodnai︠a︡ nauchnai︠a︡ konferent︠s︡ii︠a︡ "Distant︠s︡ionnoe zondirovanie prirodnoĭ sredy" (3rd 2006 Minsk, Belarus)\"]",,"Distant︠s︡ionnoe zondirovanie prirodnoĭ sredy","[]",2010-12-16\u000a
java.lang.IllegalArgumentException: Expecting record to contain 7 fields but found 8.
	at com.datastax.oss.dsbulk.connectors.api.DefaultRecord.<init>(DefaultRecord.java:120)
	at com.datastax.oss.dsbulk.connectors.api.DefaultRecord.mapped(DefaultRecord.java:65)
	at com.datastax.oss.dsbulk.connectors.csv.CSVConnector$CSVRecordReader.parseNext(CSVConnector.java:314)
	at com.datastax.oss.dsbulk.connectors.csv.CSVConnector$CSVRecordReader.readNext(CSVConnector.java:291)
	at com.datastax.oss.dsbulk.executor.api.subscription.ResultSubscription.doOnNext(ResultSubscription.java:457) [18 skipped]
	at com.datastax.oss.dsbulk.executor.api.subscription.ResultSubscription.drain(ResultSubscription.java:266)
	at com.datastax.oss.dsbulk.executor.api.subscription.ResultSubscription.lambda$fetchNextPage$3(ResultSubscription.java:394)
	at com.datastax.oss.driver.internal.core.cql.CqlRequestHandler.setFinalResult(CqlRequestHandler.java:324) [3 skipped]
	at com.datastax.oss.driver.internal.core.cql.CqlRequestHandler.access$1500(CqlRequestHandler.java:95)
	at com.datastax.oss.driver.internal.core.cql.CqlRequestHandler$NodeResponseCallback.onResponse(CqlRequestHandler.java:655)

Resource: file:/Users/cedricklunven/dev/workspaces/datastax-workshops/workshop-betterreads/dataset/book_by_id_0.csv
Position: 20933
Source: OL15939030W,"[\"OL6942649A\"]","[\"Nauchno-prakticheskai︠a︡ konferent︠s︡ii︠a︡ "Mezhdunarodnoe sotrudnichestvo stran Severo-Vostochnoĭ Azii--problemy i perspektivy" (2010 Chita, Chitinskai︠a︡ oblastʹ, Russia)\"]",,"Mezhdunarodnoe sotrudnichestvo stran Severo-Vostochnoĭ Azii","[]",2011-07-26\u000a
java.lang.IllegalArgumentException: Expecting record to contain 7 fields but found 9.
	at com.datastax.oss.dsbulk.connectors.api.DefaultRecord.<init>(DefaultRecord.java:120)
	at com.datastax.oss.dsbulk.connectors.api.DefaultRecord.mapped(DefaultRecord.java:65)
	at com.datastax.oss.dsbulk.connectors.csv.CSVConnector$CSVRecordReader.parseNext(CSVConnector.java:314)
	at com.datastax.oss.dsbulk.connectors.csv.CSVConnector$CSVRecordReader.readNext(CSVConnector.java:291)
	at com.datastax.oss.dsbulk.executor.api.subscription.ResultSubscription.doOnNext(ResultSubscription.java:457) [18 skipped]
	at com.datastax.oss.dsbulk.executor.api.subscription.ResultSubscription.drain(ResultSubscription.java:266)
	at com.datastax.oss.dsbulk.executor.api.subscription.ResultSubscription.lambda$fetchNextPage$3(ResultSubscription.java:394)
	at com.datastax.oss.driver.internal.core.cql.CqlRequestHandler.setFinalResult(CqlRequestHandler.java:324) [3 skipped]
	at com.datastax.oss.driver.internal.core.cql.CqlRequestHandler.access$1500(CqlRequestHandler.java:95)
	at com.datastax.oss.driver.internal.core.cql.CqlRequestHandler$NodeResponseCallback.onResponse(CqlRequestHandler.java:655)

Resource: file:/Users/cedricklunven/dev/workspaces/datastax-workshops/workshop-betterreads/dataset/book_by_id_0.csv
Position: 21214
Source: OL16005622W,"[\"OL6962145A\"]","[\"International Conference "Management of Large-Scale System Development" (4th 2010 Moscow, Russia)\"]",,"Upravlenie razvitiem krupnomasshtabnykh sistem, MLSD'2010","[]",2011-07-30\u000a
java.lang.IllegalArgumentException: Expecting record to contain 7 fields but found 8.
	at com.datastax.oss.dsbulk.connectors.api.DefaultRecord.<init>(DefaultRecord.java:120)
	at com.datastax.oss.dsbulk.connectors.api.DefaultRecord.mapped(DefaultRecord.java:65)
	at com.datastax.oss.dsbulk.connectors.csv.CSVConnector$CSVRecordReader.parseNext(CSVConnector.java:314)
	at com.datastax.oss.dsbulk.connectors.csv.CSVConnector$CSVRecordReader.readNext(CSVConnector.java:291)
	at com.datastax.oss.dsbulk.executor.api.subscription.ResultSubscription.doOnNext(ResultSubscription.java:457) [18 skipped]
	at com.datastax.oss.dsbulk.executor.api.subscription.ResultSubscription.drain(ResultSubscription.java:266)
	at com.datastax.oss.dsbulk.executor.api.subscription.ResultSubscription.lambda$fetchNextPage$3(ResultSubscription.java:394)
	at com.datastax.oss.driver.internal.core.cql.CqlRequestHandler.setFinalResult(CqlRequestHandler.java:324) [3 skipped]
	at com.datastax.oss.driver.internal.core.cql.CqlRequestHandler.access$1500(CqlRequestHandler.java:95)
	at com.datastax.oss.driver.internal.core.cql.CqlRequestHandler$NodeResponseCallback.onResponse(CqlRequestHandler.java:655)

Resource: file:/Users/cedricklunven/dev/workspaces/datastax-workshops/workshop-betterreads/dataset/book_by_id_0.csv
Position: 21663
Source: OL16138971W,"[\"OL6994221A\"]","[\"Konferenz "Der Föderalstaat nach dem Berlin-Urteil" (2006 Berlin, Germany)\"]",,"Der Föderalstaat nach dem Berlin-Urteil","[]",2011-10-22\u000a
java.lang.IllegalArgumentException: Expecting record to contain 7 fields but found 8.
	at com.datastax.oss.dsbulk.connectors.api.DefaultRecord.<init>(DefaultRecord.java:120)
	at com.datastax.oss.dsbulk.connectors.api.DefaultRecord.mapped(DefaultRecord.java:65)
	at com.datastax.oss.dsbulk.connectors.csv.CSVConnector$CSVRecordReader.parseNext(CSVConnector.java:314)
	at com.datastax.oss.dsbulk.connectors.csv.CSVConnector$CSVRecordReader.readNext(CSVConnector.java:291)
	at com.datastax.oss.dsbulk.executor.api.subscription.ResultSubscription.doOnNext(ResultSubscription.java:457) [18 skipped]
	at com.datastax.oss.dsbulk.executor.api.subscription.ResultSubscription.drain(ResultSubscription.java:266)
	at com.datastax.oss.dsbulk.executor.api.subscription.ResultSubscription.lambda$fetchNextPage$3(ResultSubscription.java:394)
	at com.datastax.oss.driver.internal.core.cql.CqlRequestHandler.setFinalResult(CqlRequestHandler.java:324) [3 skipped]
	at com.datastax.oss.driver.internal.core.cql.CqlRequestHandler.access$1500(CqlRequestHandler.java:95)
	at com.datastax.oss.driver.internal.core.cql.CqlRequestHandler$NodeResponseCallback.onResponse(CqlRequestHandler.java:655)

Resource: file:/Users/cedricklunven/dev/workspaces/datastax-workshops/workshop-betterreads/dataset/book_by_id_0.csv
Position: 22120
Source: OL16285307W,"[\"OL7038376A\"]","[\"Vserossiĭskai︠a︡ nauchnai︠a︡ konferent︠s︡ii︠a︡ s mezhdunarodnym uchastiem "Istorii︠a︡ nauki i obrazovanii︠a︡ v Sibiri" (3rd 2009 Krasnoi︠a︡rsk, Russia)\"]",,"Istorii︠a︡ obrazovanii︠a︡ i nauki v Sibiri","[]",2011-11-16\u000a
java.lang.IllegalArgumentException: Expecting record to contain 7 fields but found 8.
	at com.datastax.oss.dsbulk.connectors.api.DefaultRecord.<init>(DefaultRecord.java:120)
	at com.datastax.oss.dsbulk.connectors.api.DefaultRecord.mapped(DefaultRecord.java:65)
	at com.datastax.oss.dsbulk.connectors.csv.CSVConnector$CSVRecordReader.parseNext(CSVConnector.java:314)
	at com.datastax.oss.dsbulk.connectors.csv.CSVConnector$CSVRecordReader.readNext(CSVConnector.java:291)
	at com.datastax.oss.dsbulk.executor.api.subscription.ResultSubscription.doOnNext(ResultSubscription.java:457) [18 skipped]
	at com.datastax.oss.dsbulk.executor.api.subscription.ResultSubscription.drain(ResultSubscription.java:266)
	at com.datastax.oss.dsbulk.executor.api.subscription.ResultSubscription.lambda$fetchNextPage$3(ResultSubscription.java:394)
	at com.datastax.oss.driver.internal.core.cql.CqlRequestHandler.setFinalResult(CqlRequestHandler.java:324) [3 skipped]
	at com.datastax.oss.driver.internal.core.cql.CqlRequestHandler.access$1500(CqlRequestHandler.java:95)
	at com.datastax.oss.driver.internal.core.cql.CqlRequestHandler$NodeResponseCallback.onResponse(CqlRequestHandler.java:655)

Resource: file:/Users/cedricklunven/dev/workspaces/datastax-workshops/workshop-betterreads/dataset/book_by_id_0.csv
Position: 22878
Source: OL16473054W,"[\"OL7069323A\"]","[\"Kulturološki skup "Nove Istre" (1st 1998 Poreč, Croatia)\"]",,"Čitajući znakove vremena","[]",2012-01-25\u000a
java.lang.IllegalArgumentException: Expecting record to contain 7 fields but found 8.
	at com.datastax.oss.dsbulk.connectors.api.DefaultRecord.<init>(DefaultRecord.java:120)
	at com.datastax.oss.dsbulk.connectors.api.DefaultRecord.mapped(DefaultRecord.java:65)
	at com.datastax.oss.dsbulk.connectors.csv.CSVConnector$CSVRecordReader.parseNext(CSVConnector.java:314)
	at com.datastax.oss.dsbulk.connectors.csv.CSVConnector$CSVRecordReader.readNext(CSVConnector.java:291)
	at com.datastax.oss.dsbulk.executor.api.subscription.ResultSubscription.doOnNext(ResultSubscription.java:457) [18 skipped]
	at com.datastax.oss.dsbulk.executor.api.subscription.ResultSubscription.drain(ResultSubscription.java:266)
	at com.datastax.oss.dsbulk.executor.api.subscription.ResultSubscription.lambda$fetchNextPage$3(ResultSubscription.java:394)
	at com.datastax.oss.driver.internal.core.cql.CqlRequestHandler.setFinalResult(CqlRequestHandler.java:324) [3 skipped]
	at com.datastax.oss.driver.internal.core.cql.CqlRequestHandler.access$1500(CqlRequestHandler.java:95)
	at com.datastax.oss.driver.internal.core.cql.CqlRequestHandler$NodeResponseCallback.onResponse(CqlRequestHandler.java:655)

Resource: file:/Users/cedricklunven/dev/workspaces/datastax-workshops/workshop-betterreads/dataset/book_by_id_0.csv
Position: 41012
Source: OL21155531W,"[\"OL8102695A\", \"OL7528546A\"]","[\"Paul "Whitey" Kapsalis\", \"Ted Gregory\"]",,"Leadership Code","[]",2020-08-05\u000a
java.lang.IllegalArgumentException: Expecting record to contain 7 fields but found 8.
	at com.datastax.oss.dsbulk.connectors.api.DefaultRecord.<init>(DefaultRecord.java:120)
	at com.datastax.oss.dsbulk.connectors.api.DefaultRecord.mapped(DefaultRecord.java:65)
	at com.datastax.oss.dsbulk.connectors.csv.CSVConnector$CSVRecordReader.parseNext(CSVConnector.java:314)
	at com.datastax.oss.dsbulk.connectors.csv.CSVConnector$CSVRecordReader.readNext(CSVConnector.java:291)
	at com.datastax.oss.dsbulk.executor.api.subscription.ResultSubscription.doOnNext(ResultSubscription.java:457) [19 skipped]
	at com.datastax.oss.dsbulk.executor.api.subscription.ResultSubscription.drain(ResultSubscription.java:266)
	at com.datastax.oss.dsbulk.executor.api.subscription.ResultSubscription.lambda$fetchNextPage$3(ResultSubscription.java:394)
	at com.datastax.oss.driver.internal.core.cql.CqlRequestHandler.setFinalResult(CqlRequestHandler.java:324) [3 skipped]
	at com.datastax.oss.driver.internal.core.cql.CqlRequestHandler.access$1500(CqlRequestHandler.java:95)
	at com.datastax.oss.driver.internal.core.cql.CqlRequestHandler$NodeResponseCallback.onResponse(CqlRequestHandler.java:655)

Resource: file:/Users/cedricklunven/dev/workspaces/datastax-workshops/workshop-betterreads/dataset/book_by_id_0.csv
Position: 46373
Source: OL22617835W,"[\"OL8633891A\"]","[\"Seminário Temático "A  Matemática Moderna nas Escolas do Brasil e de Portugal: Estudos Históricos Comparativos" (7th 2009 Florianópolis, Santa Catarina, Brazil)\"]",,"A matemática moderna nas escolas do Brasil e Portugal","[]",2020-10-17\u000a
java.lang.IllegalArgumentException: Expecting record to contain 7 fields but found 9.
	at com.datastax.oss.dsbulk.connectors.api.DefaultRecord.<init>(DefaultRecord.java:120)
	at com.datastax.oss.dsbulk.connectors.api.DefaultRecord.mapped(DefaultRecord.java:65)
	at com.datastax.oss.dsbulk.connectors.csv.CSVConnector$CSVRecordReader.parseNext(CSVConnector.java:314)
	at com.datastax.oss.dsbulk.connectors.csv.CSVConnector$CSVRecordReader.readNext(CSVConnector.java:291)
	at com.datastax.oss.dsbulk.executor.api.subscription.ResultSubscription.doOnNext(ResultSubscription.java:457) [19 skipped]
	at com.datastax.oss.dsbulk.executor.api.subscription.ResultSubscription.drain(ResultSubscription.java:266)
	at com.datastax.oss.dsbulk.executor.api.subscription.ResultSubscription.lambda$fetchNextPage$3(ResultSubscription.java:394)
	at com.datastax.oss.driver.internal.core.cql.CqlRequestHandler.setFinalResult(CqlRequestHandler.java:324) [3 skipped]
	at com.datastax.oss.driver.internal.core.cql.CqlRequestHandler.access$1500(CqlRequestHandler.java:95)
	at com.datastax.oss.driver.internal.core.cql.CqlRequestHandler$NodeResponseCallback.onResponse(CqlRequestHandler.java:655)

Resource: file:/Users/cedricklunven/dev/workspaces/datastax-workshops/workshop-betterreads/dataset/book_by_id_0.csv
Position: 47675
Source: OL22916279W,"[\"OL8711524A\"]","[\"Colloquium "Sint Maecenates, non deerunt, Flacce, Marones : formes de la poésie de circonstance de l'Antiquité à la Renaissance" (2010 Paris, France)\"]",,"La muse de l'éphémère","[]",2020-11-04\u000a
java.lang.IllegalArgumentException: Expecting record to contain 7 fields but found 11.
	at com.datastax.oss.dsbulk.connectors.api.DefaultRecord.<init>(DefaultRecord.java:120)
	at com.datastax.oss.dsbulk.connectors.api.DefaultRecord.mapped(DefaultRecord.java:65)
	at com.datastax.oss.dsbulk.connectors.csv.CSVConnector$CSVRecordReader.parseNext(CSVConnector.java:314)
	at com.datastax.oss.dsbulk.connectors.csv.CSVConnector$CSVRecordReader.readNext(CSVConnector.java:291)
	at com.datastax.oss.dsbulk.executor.api.subscription.ResultSubscription.doOnNext(ResultSubscription.java:457) [18 skipped]
	at com.datastax.oss.dsbulk.executor.api.subscription.ResultSubscription.drain(ResultSubscription.java:266)
	at com.datastax.oss.dsbulk.executor.api.subscription.ResultSubscription.lambda$fetchNextPage$3(ResultSubscription.java:394)
	at com.datastax.oss.driver.internal.core.cql.CqlRequestHandler.setFinalResult(CqlRequestHandler.java:324) [3 skipped]
	at com.datastax.oss.driver.internal.core.cql.CqlRequestHandler.access$1500(CqlRequestHandler.java:95)
	at com.datastax.oss.driver.internal.core.cql.CqlRequestHandler$NodeResponseCallback.onResponse(CqlRequestHandler.java:655)

Resource: file:/Users/cedricklunven/dev/workspaces/datastax-workshops/workshop-betterreads/dataset/book_by_id_0.csv
Position: 49043
Source: OL23225933W,"[\"OL8805377A\"]","[\"International Conference on "Smart Materials, Structures, and Systems" (4th 2012 Terme, Italy)\"]",,"Wearable/wireless body sensor networks for healthcare applications","[]",2020-11-13\u000a
java.lang.IllegalArgumentException: Expecting record to contain 7 fields but found 10.
	at com.datastax.oss.dsbulk.connectors.api.DefaultRecord.<init>(DefaultRecord.java:120)
	at com.datastax.oss.dsbulk.connectors.api.DefaultRecord.mapped(DefaultRecord.java:65)
	at com.datastax.oss.dsbulk.connectors.csv.CSVConnector$CSVRecordReader.parseNext(CSVConnector.java:314)
	at com.datastax.oss.dsbulk.connectors.csv.CSVConnector$CSVRecordReader.readNext(CSVConnector.java:291)
	at com.datastax.oss.dsbulk.executor.api.subscription.ResultSubscription.doOnNext(ResultSubscription.java:457) [18 skipped]
	at com.datastax.oss.dsbulk.executor.api.subscription.ResultSubscription.drain(ResultSubscription.java:266)
	at com.datastax.oss.dsbulk.executor.api.subscription.ResultSubscription.lambda$fetchNextPage$3(ResultSubscription.java:394)
	at com.datastax.oss.driver.internal.core.cql.CqlRequestHandler.setFinalResult(CqlRequestHandler.java:324) [3 skipped]
	at com.datastax.oss.driver.internal.core.cql.CqlRequestHandler.access$1500(CqlRequestHandler.java:95)
	at com.datastax.oss.driver.internal.core.cql.CqlRequestHandler$NodeResponseCallback.onResponse(CqlRequestHandler.java:655)

Resource: file:/Users/cedricklunven/dev/workspaces/datastax-workshops/workshop-betterreads/dataset/book_by_id_0.csv
Position: 49619
Source: OL23358758W,"[\"OL8861336A\"]","[\"Convegno "Architettura eremitica, sistemi progettuali e paesaggi culturali" (4th 2013 Chiusi della Verna, Italy)\"]",,"Architettura eremitica","[]",2020-11-14\u000a
java.lang.IllegalArgumentException: Expecting record to contain 7 fields but found 9.
	at com.datastax.oss.dsbulk.connectors.api.DefaultRecord.<init>(DefaultRecord.java:120)
	at com.datastax.oss.dsbulk.connectors.api.DefaultRecord.mapped(DefaultRecord.java:65)
	at com.datastax.oss.dsbulk.connectors.csv.CSVConnector$CSVRecordReader.parseNext(CSVConnector.java:314)
	at com.datastax.oss.dsbulk.connectors.csv.CSVConnector$CSVRecordReader.readNext(CSVConnector.java:291)
	at com.datastax.oss.dsbulk.executor.api.subscription.ResultSubscription.doOnNext(ResultSubscription.java:457) [18 skipped]
	at com.datastax.oss.dsbulk.executor.api.subscription.ResultSubscription.drain(ResultSubscription.java:266)
	at com.datastax.oss.dsbulk.executor.api.subscription.ResultSubscription.lambda$fetchNextPage$3(ResultSubscription.java:394)
	at com.datastax.oss.driver.internal.core.cql.CqlRequestHandler.setFinalResult(CqlRequestHandler.java:324) [3 skipped]
	at com.datastax.oss.driver.internal.core.cql.CqlRequestHandler.access$1500(CqlRequestHandler.java:95)
	at com.datastax.oss.driver.internal.core.cql.CqlRequestHandler$NodeResponseCallback.onResponse(CqlRequestHandler.java:655)

Resource: file:/Users/cedricklunven/dev/workspaces/datastax-workshops/workshop-betterreads/dataset/book_by_id_0.csv
Position: 50041
Source: OL23459607W,"[\"OL8903596A\"]","[\"Nauchno-prakticheskai︠a︡ konferent︠s︡ii︠a︡ "Ėkspertno-kriminalisticheskai︠a︡ sluzhba na sovremennom ėtape, perspektivy ee razvitii︠a︡" (2009 Minsk, Belarus)\"]",,"Problemy kriminalistiki","[]",2020-11-15\u000a
java.lang.IllegalArgumentException: Expecting record to contain 7 fields but found 9.
	at com.datastax.oss.dsbulk.connectors.api.DefaultRecord.<init>(DefaultRecord.java:120)
	at com.datastax.oss.dsbulk.connectors.api.DefaultRecord.mapped(DefaultRecord.java:65)
	at com.datastax.oss.dsbulk.connectors.csv.CSVConnector$CSVRecordReader.parseNext(CSVConnector.java:314)
	at com.datastax.oss.dsbulk.connectors.csv.CSVConnector$CSVRecordReader.readNext(CSVConnector.java:291)
	at com.datastax.oss.dsbulk.executor.api.subscription.ResultSubscription.doOnNext(ResultSubscription.java:457) [18 skipped]
	at com.datastax.oss.dsbulk.executor.api.subscription.ResultSubscription.drain(ResultSubscription.java:266)
	at com.datastax.oss.dsbulk.executor.api.subscription.ResultSubscription.lambda$fetchNextPage$3(ResultSubscription.java:394)
	at com.datastax.oss.driver.internal.core.cql.CqlRequestHandler.setFinalResult(CqlRequestHandler.java:324) [3 skipped]
	at com.datastax.oss.driver.internal.core.cql.CqlRequestHandler.access$1500(CqlRequestHandler.java:95)
	at com.datastax.oss.driver.internal.core.cql.CqlRequestHandler$NodeResponseCallback.onResponse(CqlRequestHandler.java:655)

Resource: file:/Users/cedricklunven/dev/workspaces/datastax-workshops/workshop-betterreads/dataset/book_by_id_0.csv
Position: 52314
Source: OL23982022W,"[\"OL9024933A\"]","[\"Mezhvuzovskai︠a︡ naucho-prakticheskai︠a︡ konferent︠s︡ii︠a︡ "Prioritety, problemy i perspektivy i︠a︡zykovogo obrazovani︠a︡ v Rossii XXI veka" (2005 Borisoglebsk, Russia)\"]",,"Prioritety, problemy i perspektivy i︠a︡zykovogo obrazovani︠a︡ v Rossii XXI veka","[]",2020-12-13\u000a
java.lang.IllegalArgumentException: Expecting record to contain 7 fields but found 9.
	at com.datastax.oss.dsbulk.connectors.api.DefaultRecord.<init>(DefaultRecord.java:120)
	at com.datastax.oss.dsbulk.connectors.api.DefaultRecord.mapped(DefaultRecord.java:65)
	at com.datastax.oss.dsbulk.connectors.csv.CSVConnector$CSVRecordReader.parseNext(CSVConnector.java:314)
	at com.datastax.oss.dsbulk.connectors.csv.CSVConnector$CSVRecordReader.readNext(CSVConnector.java:291)
	at com.datastax.oss.dsbulk.executor.api.subscription.ResultSubscription.doOnNext(ResultSubscription.java:457) [18 skipped]
	at com.datastax.oss.dsbulk.executor.api.subscription.ResultSubscription.drain(ResultSubscription.java:266)
	at com.datastax.oss.dsbulk.executor.api.subscription.ResultSubscription.lambda$fetchNextPage$3(ResultSubscription.java:394)
	at com.datastax.oss.driver.internal.core.cql.CqlRequestHandler.setFinalResult(CqlRequestHandler.java:324) [3 skipped]
	at com.datastax.oss.driver.internal.core.cql.CqlRequestHandler.access$1500(CqlRequestHandler.java:95)
	at com.datastax.oss.driver.internal.core.cql.CqlRequestHandler$NodeResponseCallback.onResponse(CqlRequestHandler.java:655)

Resource: file:/Users/cedricklunven/dev/workspaces/datastax-workshops/workshop-betterreads/dataset/book_by_id_0.csv
Position: 55116
Source: OL24647708W,"[\"OL7546035A\"]","[\"""\"]",,"Pierre, ou comment une pièce de vingt francs peut devenir un sou. Traduit librement de l'anglais","[\"11335274\"]",2021-07-01\u000a
java.lang.IllegalArgumentException: Expecting record to contain 7 fields but found 6.
	at com.datastax.oss.dsbulk.connectors.api.DefaultRecord.<init>(DefaultRecord.java:120)
	at com.datastax.oss.dsbulk.connectors.api.DefaultRecord.mapped(DefaultRecord.java:65)
	at com.datastax.oss.dsbulk.connectors.csv.CSVConnector$CSVRecordReader.parseNext(CSVConnector.java:314)
	at com.datastax.oss.dsbulk.connectors.csv.CSVConnector$CSVRecordReader.readNext(CSVConnector.java:291)
	at com.datastax.oss.dsbulk.executor.api.subscription.ResultSubscription.doOnNext(ResultSubscription.java:457) [19 skipped]
	at com.datastax.oss.dsbulk.executor.api.subscription.ResultSubscription.drain(ResultSubscription.java:266)
	at com.datastax.oss.dsbulk.executor.api.subscription.ResultSubscription.lambda$fetchNextPage$3(ResultSubscription.java:394)
	at com.datastax.oss.driver.internal.core.cql.CqlRequestHandler.setFinalResult(CqlRequestHandler.java:324) [3 skipped]
	at com.datastax.oss.driver.internal.core.cql.CqlRequestHandler.access$1500(CqlRequestHandler.java:95)
	at com.datastax.oss.driver.internal.core.cql.CqlRequestHandler$NodeResponseCallback.onResponse(CqlRequestHandler.java:655)

Resource: file:/Users/cedricklunven/dev/workspaces/datastax-workshops/workshop-betterreads/dataset/book_by_id_0.csv
Position: 55885
Source: OL24828722W,"[\"OL7546035A\"]","[\"""\"]",,"Les Étangs du Bas-Armagnac suivis de la céphalite, ou fièvre endémique de ce même Armagnac","[\"11639466\"]",2021-08-15\u000a
java.lang.IllegalArgumentException: Expecting record to contain 7 fields but found 6.
	at com.datastax.oss.dsbulk.connectors.api.DefaultRecord.<init>(DefaultRecord.java:120)
	at com.datastax.oss.dsbulk.connectors.api.DefaultRecord.mapped(DefaultRecord.java:65)
	at com.datastax.oss.dsbulk.connectors.csv.CSVConnector$CSVRecordReader.parseNext(CSVConnector.java:314)
	at com.datastax.oss.dsbulk.connectors.csv.CSVConnector$CSVRecordReader.readNext(CSVConnector.java:291)
	at com.datastax.oss.dsbulk.executor.api.subscription.ResultSubscription.doOnNext(ResultSubscription.java:457) [19 skipped]
	at com.datastax.oss.dsbulk.executor.api.subscription.ResultSubscription.drain(ResultSubscription.java:266)
	at com.datastax.oss.dsbulk.executor.api.subscription.ResultSubscription.lambda$fetchNextPage$3(ResultSubscription.java:394)
	at com.datastax.oss.driver.internal.core.cql.CqlRequestHandler.setFinalResult(CqlRequestHandler.java:324) [3 skipped]
	at com.datastax.oss.driver.internal.core.cql.CqlRequestHandler.access$1500(CqlRequestHandler.java:95)
	at com.datastax.oss.driver.internal.core.cql.CqlRequestHandler$NodeResponseCallback.onResponse(CqlRequestHandler.java:655)

Resource: file:/Users/cedricklunven/dev/workspaces/datastax-workshops/workshop-betterreads/dataset/book_by_id_0.csv
Position: 67595
Source: OL3858057W,"[\"OL692393A\"]","[\"Nauchno-metodicheskai͡a ėkologicheskai͡a konferent͡sii͡a "Metody issledovanii͡a i ispolʹzovanii͡a gidrosistem" (1991 Riga, Latvia)\"]",,"Nauchno-metodicheskai͡a ėkologicheskai͡a konferent͡sii͡a Metody issledovanii͡a i ispolʹzovanii͡a gidrosistem","[]",2009-12-10\u000a
java.lang.IllegalArgumentException: Expecting record to contain 7 fields but found 8.
	at com.datastax.oss.dsbulk.connectors.api.DefaultRecord.<init>(DefaultRecord.java:120)
	at com.datastax.oss.dsbulk.connectors.api.DefaultRecord.mapped(DefaultRecord.java:65)
	at com.datastax.oss.dsbulk.connectors.csv.CSVConnector$CSVRecordReader.parseNext(CSVConnector.java:314)
	at com.datastax.oss.dsbulk.connectors.csv.CSVConnector$CSVRecordReader.readNext(CSVConnector.java:291)
	at com.datastax.oss.dsbulk.executor.api.subscription.ResultSubscription.doOnNext(ResultSubscription.java:457) [19 skipped]
	at com.datastax.oss.dsbulk.executor.api.subscription.ResultSubscription.drain(ResultSubscription.java:266)
	at com.datastax.oss.dsbulk.executor.api.subscription.ResultSubscription.lambda$fetchNextPage$3(ResultSubscription.java:394)
	at com.datastax.oss.driver.internal.core.cql.CqlRequestHandler.setFinalResult(CqlRequestHandler.java:324) [3 skipped]
	at com.datastax.oss.driver.internal.core.cql.CqlRequestHandler.access$1500(CqlRequestHandler.java:95)
	at com.datastax.oss.driver.internal.core.cql.CqlRequestHandler$NodeResponseCallback.onResponse(CqlRequestHandler.java:655)

Resource: file:/Users/cedricklunven/dev/workspaces/datastax-workshops/workshop-betterreads/dataset/book_by_id_0.csv
Position: 77587
Source: OL6195147W,"[\"OL1595542A\"]","[\"Soveshchanie "Spiralʹnai͡a struktura galaktiki" (1977 Kiev, Ukraine)\"]",,"Trudy Soveshchanii͡a Spiralʹnai͡a struktura galaktiki","[]",2009-12-10\u000a
java.lang.IllegalArgumentException: Expecting record to contain 7 fields but found 8.
	at com.datastax.oss.dsbulk.connectors.api.DefaultRecord.<init>(DefaultRecord.java:120)
	at com.datastax.oss.dsbulk.connectors.api.DefaultRecord.mapped(DefaultRecord.java:65)
	at com.datastax.oss.dsbulk.connectors.csv.CSVConnector$CSVRecordReader.parseNext(CSVConnector.java:314)
	at com.datastax.oss.dsbulk.connectors.csv.CSVConnector$CSVRecordReader.readNext(CSVConnector.java:291)
	at com.datastax.oss.dsbulk.executor.api.subscription.ResultSubscription.doOnNext(ResultSubscription.java:457) [18 skipped]
	at com.datastax.oss.dsbulk.executor.api.subscription.ResultSubscription.drain(ResultSubscription.java:266)
	at com.datastax.oss.dsbulk.executor.api.subscription.ResultSubscription.lambda$fetchNextPage$3(ResultSubscription.java:394)
	at com.datastax.oss.driver.internal.core.cql.CqlRequestHandler.setFinalResult(CqlRequestHandler.java:324) [3 skipped]
	at com.datastax.oss.driver.internal.core.cql.CqlRequestHandler.access$1500(CqlRequestHandler.java:95)
	at com.datastax.oss.driver.internal.core.cql.CqlRequestHandler$NodeResponseCallback.onResponse(CqlRequestHandler.java:655)

Resource: file:/Users/cedricklunven/dev/workspaces/datastax-workshops/workshop-betterreads/dataset/book_by_id_0.csv
Position: 77759
Source: OL6234157W,"[\"OL1614828A\"]","[]",,"Verġi mekhanizminin formalashmasy vă tăkmillăshdirilmăsi problemlări \","[]",2009-12-10\u000a
java.lang.IllegalArgumentException: Expecting record to contain 7 fields but found 6.
	at com.datastax.oss.dsbulk.connectors.api.DefaultRecord.<init>(DefaultRecord.java:120)
	at com.datastax.oss.dsbulk.connectors.api.DefaultRecord.mapped(DefaultRecord.java:65)
	at com.datastax.oss.dsbulk.connectors.csv.CSVConnector$CSVRecordReader.parseNext(CSVConnector.java:314)
	at com.datastax.oss.dsbulk.connectors.csv.CSVConnector$CSVRecordReader.readNext(CSVConnector.java:291)
	at com.datastax.oss.dsbulk.executor.api.subscription.ResultSubscription.doOnNext(ResultSubscription.java:457) [18 skipped]
	at com.datastax.oss.dsbulk.executor.api.subscription.ResultSubscription.drain(ResultSubscription.java:266)
	at com.datastax.oss.dsbulk.executor.api.subscription.ResultSubscription.lambda$fetchNextPage$3(ResultSubscription.java:394)
	at com.datastax.oss.driver.internal.core.cql.CqlRequestHandler.setFinalResult(CqlRequestHandler.java:324) [3 skipped]
	at com.datastax.oss.driver.internal.core.cql.CqlRequestHandler.access$1500(CqlRequestHandler.java:95)
	at com.datastax.oss.driver.internal.core.cql.CqlRequestHandler$NodeResponseCallback.onResponse(CqlRequestHandler.java:655)

Resource: file:/Users/cedricklunven/dev/workspaces/datastax-workshops/workshop-betterreads/dataset/book_by_id_0.csv
Position: 112577
Source: OL15446859W,"[\"OL6840682A\"]","[\"Convegno internazionale di studio "Il carnevale e il Mediterraneo, tradizioni, riti e maschere del Mezzogiorno d'Italia" (2009 Putignano, Italy)\"]",,"Il carnevale e il Mediterraneo","[]",2010-11-09\u000a
java.lang.IllegalArgumentException: Expecting record to contain 7 fields but found 10.
	at com.datastax.oss.dsbulk.connectors.api.DefaultRecord.<init>(DefaultRecord.java:120)
	at com.datastax.oss.dsbulk.connectors.api.DefaultRecord.mapped(DefaultRecord.java:65)
	at com.datastax.oss.dsbulk.connectors.csv.CSVConnector$CSVRecordReader.parseNext(CSVConnector.java:314)
	at com.datastax.oss.dsbulk.connectors.csv.CSVConnector$CSVRecordReader.readNext(CSVConnector.java:291)
	at com.datastax.oss.dsbulk.executor.api.subscription.ResultSubscription.doOnNext(ResultSubscription.java:457) [19 skipped]
	at com.datastax.oss.dsbulk.executor.api.subscription.ResultSubscription.drain(ResultSubscription.java:266)
	at com.datastax.oss.dsbulk.executor.api.subscription.ResultSubscription.lambda$fetchNextPage$3(ResultSubscription.java:394)
	at com.datastax.oss.driver.internal.core.cql.CqlRequestHandler.setFinalResult(CqlRequestHandler.java:324) [3 skipped]
	at com.datastax.oss.driver.internal.core.cql.CqlRequestHandler.access$1500(CqlRequestHandler.java:95)
	at com.datastax.oss.driver.internal.core.cql.CqlRequestHandler$NodeResponseCallback.onResponse(CqlRequestHandler.java:655)

Resource: file:/Users/cedricklunven/dev/workspaces/datastax-workshops/workshop-betterreads/dataset/book_by_id_0.csv
Position: 112777
Source: OL15497029W,"[\"OL6854458A\"]","[\""İstihdam, Kadın İşgücü ve Yeni İş Kanunu" Sempozyumu (2003 Muğla)\"]",,"İstihdam, Kadın İşgücü ve Yeni İş Kanunu Sempozyumu, Muğla, 5 Aralık 2003","[]",2010-11-23\u000a
java.lang.IllegalArgumentException: Expecting record to contain 7 fields but found 8.
	at com.datastax.oss.dsbulk.connectors.api.DefaultRecord.<init>(DefaultRecord.java:120)
	at com.datastax.oss.dsbulk.connectors.api.DefaultRecord.mapped(DefaultRecord.java:65)
	at com.datastax.oss.dsbulk.connectors.csv.CSVConnector$CSVRecordReader.parseNext(CSVConnector.java:314)
	at com.datastax.oss.dsbulk.connectors.csv.CSVConnector$CSVRecordReader.readNext(CSVConnector.java:291)
	at com.datastax.oss.dsbulk.executor.api.subscription.ResultSubscription.doOnNext(ResultSubscription.java:457) [19 skipped]
	at com.datastax.oss.dsbulk.executor.api.subscription.ResultSubscription.drain(ResultSubscription.java:266)
	at com.datastax.oss.dsbulk.executor.api.subscription.ResultSubscription.lambda$fetchNextPage$3(ResultSubscription.java:394)
	at com.datastax.oss.driver.internal.core.cql.CqlRequestHandler.setFinalResult(CqlRequestHandler.java:324) [3 skipped]
	at com.datastax.oss.driver.internal.core.cql.CqlRequestHandler.access$1500(CqlRequestHandler.java:95)
	at com.datastax.oss.driver.internal.core.cql.CqlRequestHandler$NodeResponseCallback.onResponse(CqlRequestHandler.java:655)

Resource: file:/Users/cedricklunven/dev/workspaces/datastax-workshops/workshop-betterreads/dataset/book_by_id_0.csv
Position: 113109
Source: OL15584608W,"[\"OL6873016A\"]","[\"Encuentro Internacional "Revolución e insurgencia en América del Sur" (2007 Salta, Argentina)\"]",,"Entre la Colonia y la República","[]",2010-12-15\u000a
java.lang.IllegalArgumentException: Expecting record to contain 7 fields but found 8.
	at com.datastax.oss.dsbulk.connectors.api.DefaultRecord.<init>(DefaultRecord.java:120)
	at com.datastax.oss.dsbulk.connectors.api.DefaultRecord.mapped(DefaultRecord.java:65)
	at com.datastax.oss.dsbulk.connectors.csv.CSVConnector$CSVRecordReader.parseNext(CSVConnector.java:314)
	at com.datastax.oss.dsbulk.connectors.csv.CSVConnector$CSVRecordReader.readNext(CSVConnector.java:291)
	at com.datastax.oss.dsbulk.executor.api.subscription.ResultSubscription.doOnNext(ResultSubscription.java:457) [19 skipped]
	at com.datastax.oss.dsbulk.executor.api.subscription.ResultSubscription.drain(ResultSubscription.java:266)
	at com.datastax.oss.dsbulk.executor.api.subscription.ResultSubscription.lambda$fetchNextPage$3(ResultSubscription.java:394)
	at com.datastax.oss.driver.internal.core.cql.CqlRequestHandler.setFinalResult(CqlRequestHandler.java:324) [3 skipped]
	at com.datastax.oss.driver.internal.core.cql.CqlRequestHandler.access$1500(CqlRequestHandler.java:95)
	at com.datastax.oss.driver.internal.core.cql.CqlRequestHandler$NodeResponseCallback.onResponse(CqlRequestHandler.java:655)

Resource: file:/Users/cedricklunven/dev/workspaces/datastax-workshops/workshop-betterreads/dataset/book_by_id_0.csv
Position: 113532
Source: OL15710634W,"[\"OL6894422A\"]","[\"Joseph Apollinaire Alonzo Allaire\"]",,"Notre-Dame des Victoires de Québec \","[]",2011-04-19\u000a
java.lang.IllegalArgumentException: Expecting record to contain 7 fields but found 6.
	at com.datastax.oss.dsbulk.connectors.api.DefaultRecord.<init>(DefaultRecord.java:120)
	at com.datastax.oss.dsbulk.connectors.api.DefaultRecord.mapped(DefaultRecord.java:65)
	at com.datastax.oss.dsbulk.connectors.csv.CSVConnector$CSVRecordReader.parseNext(CSVConnector.java:314)
	at com.datastax.oss.dsbulk.connectors.csv.CSVConnector$CSVRecordReader.readNext(CSVConnector.java:291)
	at com.datastax.oss.dsbulk.executor.api.subscription.ResultSubscription.doOnNext(ResultSubscription.java:457) [19 skipped]
	at com.datastax.oss.dsbulk.executor.api.subscription.ResultSubscription.drain(ResultSubscription.java:266)
	at com.datastax.oss.dsbulk.executor.api.subscription.ResultSubscription.lambda$fetchNextPage$3(ResultSubscription.java:394)
	at com.datastax.oss.driver.internal.core.cql.CqlRequestHandler.setFinalResult(CqlRequestHandler.java:324) [3 skipped]
	at com.datastax.oss.driver.internal.core.cql.CqlRequestHandler.access$1500(CqlRequestHandler.java:95)
	at com.datastax.oss.driver.internal.core.cql.CqlRequestHandler$NodeResponseCallback.onResponse(CqlRequestHandler.java:655)

Resource: file:/Users/cedricklunven/dev/workspaces/datastax-workshops/workshop-betterreads/dataset/book_by_id_0.csv
Position: 114159
Source: OL15888785W,"[\"OL6929313A\"]","[\"Mezhdunarodnai︠a︡ nauchno-prakticheskai︠a︡ konferent︠s︡ii︠a︡ "Prirodnye i intellektualʹnye resursy Sibiri" (15th 2009 Irkutsk, Russia)\"]",,"Prirodnye i intellektualʹnye resursy Sibiri (SIBRESURS-15-2009)","[]",2011-07-22\u000a
java.lang.IllegalArgumentException: Expecting record to contain 7 fields but found 8.
	at com.datastax.oss.dsbulk.connectors.api.DefaultRecord.<init>(DefaultRecord.java:120)
	at com.datastax.oss.dsbulk.connectors.api.DefaultRecord.mapped(DefaultRecord.java:65)
	at com.datastax.oss.dsbulk.connectors.csv.CSVConnector$CSVRecordReader.parseNext(CSVConnector.java:314)
	at com.datastax.oss.dsbulk.connectors.csv.CSVConnector$CSVRecordReader.readNext(CSVConnector.java:291)
	at com.datastax.oss.dsbulk.executor.api.subscription.ResultSubscription.doOnNext(ResultSubscription.java:457) [19 skipped]
	at com.datastax.oss.dsbulk.executor.api.subscription.ResultSubscription.drain(ResultSubscription.java:266)
	at com.datastax.oss.dsbulk.executor.api.subscription.ResultSubscription.lambda$fetchNextPage$3(ResultSubscription.java:394)
	at com.datastax.oss.driver.internal.core.cql.CqlRequestHandler.setFinalResult(CqlRequestHandler.java:324) [3 skipped]
	at com.datastax.oss.driver.internal.core.cql.CqlRequestHandler.access$1500(CqlRequestHandler.java:95)
	at com.datastax.oss.driver.internal.core.cql.CqlRequestHandler$NodeResponseCallback.onResponse(CqlRequestHandler.java:655)

Resource: file:/Users/cedricklunven/dev/workspaces/datastax-workshops/workshop-betterreads/dataset/book_by_id_0.csv
Position: 114419
Source: OL15956952W,"[\"OL6948361A\"]","[\"Znanstveni skup "Komparativna povijest hrvatske književnosti" (10th 2007 Split, Croatia)\"]",,"Komparativna povijest hrvatske književnosti","[]",2011-07-27\u000a
java.lang.IllegalArgumentException: Expecting record to contain 7 fields but found 8.
	at com.datastax.oss.dsbulk.connectors.api.DefaultRecord.<init>(DefaultRecord.java:120)
	at com.datastax.oss.dsbulk.connectors.api.DefaultRecord.mapped(DefaultRecord.java:65)
	at com.datastax.oss.dsbulk.connectors.csv.CSVConnector$CSVRecordReader.parseNext(CSVConnector.java:314)
	at com.datastax.oss.dsbulk.connectors.csv.CSVConnector$CSVRecordReader.readNext(CSVConnector.java:291)
	at com.datastax.oss.dsbulk.executor.api.subscription.ResultSubscription.doOnNext(ResultSubscription.java:457) [19 skipped]
	at com.datastax.oss.dsbulk.executor.api.subscription.ResultSubscription.drain(ResultSubscription.java:266)
	at com.datastax.oss.dsbulk.executor.api.subscription.ResultSubscription.lambda$fetchNextPage$3(ResultSubscription.java:394)
	at com.datastax.oss.driver.internal.core.cql.CqlRequestHandler.setFinalResult(CqlRequestHandler.java:324) [3 skipped]
	at com.datastax.oss.driver.internal.core.cql.CqlRequestHandler.access$1500(CqlRequestHandler.java:95)
	at com.datastax.oss.driver.internal.core.cql.CqlRequestHandler$NodeResponseCallback.onResponse(CqlRequestHandler.java:655)

Resource: file:/Users/cedricklunven/dev/workspaces/datastax-workshops/workshop-betterreads/dataset/book_by_id_0.csv
Position: 114707
Source: OL16019605W,"[\"OL6966658A\"]","[\"Mezhdunarodnai︠a︡ nauchnai︠a︡ konferent︠s︡ii︠a︡ "Aktualʹnye voprosy inzhenernoĭ geologii i ėkologicheskoĭ geologii" (2010 Moscow, Russia)\"]",,"Aktualʹnye voprosy inzhenernoĭ geologii i ėkologicheskoĭ geologii","[]",2011-08-04\u000a
java.lang.IllegalArgumentException: Expecting record to contain 7 fields but found 8.
	at com.datastax.oss.dsbulk.connectors.api.DefaultRecord.<init>(DefaultRecord.java:120)
	at com.datastax.oss.dsbulk.connectors.api.DefaultRecord.mapped(DefaultRecord.java:65)
	at com.datastax.oss.dsbulk.connectors.csv.CSVConnector$CSVRecordReader.parseNext(CSVConnector.java:314)
	at com.datastax.oss.dsbulk.connectors.csv.CSVConnector$CSVRecordReader.readNext(CSVConnector.java:291)
	at com.datastax.oss.dsbulk.executor.api.subscription.ResultSubscription.doOnNext(ResultSubscription.java:457) [18 skipped]
	at com.datastax.oss.dsbulk.executor.api.subscription.ResultSubscription.drain(ResultSubscription.java:266)
	at com.datastax.oss.dsbulk.executor.api.subscription.ResultSubscription.lambda$fetchNextPage$3(ResultSubscription.java:394)
	at com.datastax.oss.driver.internal.core.cql.CqlRequestHandler.setFinalResult(CqlRequestHandler.java:324) [3 skipped]
	at com.datastax.oss.driver.internal.core.cql.CqlRequestHandler.access$1500(CqlRequestHandler.java:95)
	at com.datastax.oss.driver.internal.core.cql.CqlRequestHandler$NodeResponseCallback.onResponse(CqlRequestHandler.java:655)

Resource: file:/Users/cedricklunven/dev/workspaces/datastax-workshops/workshop-betterreads/dataset/book_by_id_0.csv
Position: 116075
Source: OL16419263W,"[\"OL7058862A\"]","[\"Mezhdunarodnai︠a︡ konferent︠s︡ii︠a︡ "Folʹklor i my--tradit︠s︡ionnai︠a︡ kulʹtura v zerkale ee vosprii︠a︡tiĭ" (2006 Saint Petersburg, Russia)\"]",,"Folʹklor i my--tradit︠s︡ionnai︠a︡ kulʹtura v zerkale ee vosprii︠a︡tiĭ","[]",2011-12-29\u000a
java.lang.IllegalArgumentException: Expecting record to contain 7 fields but found 8.
	at com.datastax.oss.dsbulk.connectors.api.DefaultRecord.<init>(DefaultRecord.java:120)
	at com.datastax.oss.dsbulk.connectors.api.DefaultRecord.mapped(DefaultRecord.java:65)
	at com.datastax.oss.dsbulk.connectors.csv.CSVConnector$CSVRecordReader.parseNext(CSVConnector.java:314)
	at com.datastax.oss.dsbulk.connectors.csv.CSVConnector$CSVRecordReader.readNext(CSVConnector.java:291)
	at com.datastax.oss.dsbulk.executor.api.subscription.ResultSubscription.doOnNext(ResultSubscription.java:457) [18 skipped]
	at com.datastax.oss.dsbulk.executor.api.subscription.ResultSubscription.drain(ResultSubscription.java:266)
	at com.datastax.oss.dsbulk.executor.api.subscription.ResultSubscription.lambda$fetchNextPage$3(ResultSubscription.java:394)
	at com.datastax.oss.driver.internal.core.cql.CqlRequestHandler.setFinalResult(CqlRequestHandler.java:324) [3 skipped]
	at com.datastax.oss.driver.internal.core.cql.CqlRequestHandler.access$1500(CqlRequestHandler.java:95)
	at com.datastax.oss.driver.internal.core.cql.CqlRequestHandler$NodeResponseCallback.onResponse(CqlRequestHandler.java:655)

Resource: file:/Users/cedricklunven/dev/workspaces/datastax-workshops/workshop-betterreads/dataset/book_by_id_0.csv
Position: 118067
Source: OL1689109W,"[\"OL191391A\"]","[\"Kulʹturolohichni chytanni͡a "Kulʹtura na zlami tysi͡acholitʹ" (1st 1994 Kiev, Ukraine)\"]",,"I Kulʹturolohichni chytanni͡a Kulʹtura na zlami tysi͡acholitʹ","[]",2009-12-09\u000a
java.lang.IllegalArgumentException: Expecting record to contain 7 fields but found 8.
	at com.datastax.oss.dsbulk.connectors.api.DefaultRecord.<init>(DefaultRecord.java:120)
	at com.datastax.oss.dsbulk.connectors.api.DefaultRecord.mapped(DefaultRecord.java:65)
	at com.datastax.oss.dsbulk.connectors.csv.CSVConnector$CSVRecordReader.parseNext(CSVConnector.java:314)
	at com.datastax.oss.dsbulk.connectors.csv.CSVConnector$CSVRecordReader.readNext(CSVConnector.java:291)
	at com.datastax.oss.dsbulk.executor.api.subscription.ResultSubscription.doOnNext(ResultSubscription.java:457) [18 skipped]
	at com.datastax.oss.dsbulk.executor.api.subscription.ResultSubscription.drain(ResultSubscription.java:266)
	at com.datastax.oss.dsbulk.executor.api.subscription.ResultSubscription.lambda$fetchNextPage$3(ResultSubscription.java:394)
	at com.datastax.oss.driver.internal.core.cql.CqlRequestHandler.setFinalResult(CqlRequestHandler.java:324) [3 skipped]
	at com.datastax.oss.driver.internal.core.cql.CqlRequestHandler.access$1500(CqlRequestHandler.java:95)
	at com.datastax.oss.driver.internal.core.cql.CqlRequestHandler$NodeResponseCallback.onResponse(CqlRequestHandler.java:655)

Resource: file:/Users/cedricklunven/dev/workspaces/datastax-workshops/workshop-betterreads/dataset/book_by_id_0.csv
Position: 131828
Source: OL20468859W,"[\"OL7756522A\", \"OL7756523A\"]","[\"Bill "El Wingador" Simmons\", \"Joe Vallee\"]",,"Snow On The Barb Wire","[\"9133760\"]",2019-11-15\u000a
java.lang.IllegalArgumentException: Expecting record to contain 7 fields but found 8.
	at com.datastax.oss.dsbulk.connectors.api.DefaultRecord.<init>(DefaultRecord.java:120)
	at com.datastax.oss.dsbulk.connectors.api.DefaultRecord.mapped(DefaultRecord.java:65)
	at com.datastax.oss.dsbulk.connectors.csv.CSVConnector$CSVRecordReader.parseNext(CSVConnector.java:314)
	at com.datastax.oss.dsbulk.connectors.csv.CSVConnector$CSVRecordReader.readNext(CSVConnector.java:291)
	at com.datastax.oss.dsbulk.executor.api.subscription.ResultSubscription.doOnNext(ResultSubscription.java:457) [19 skipped]
	at com.datastax.oss.dsbulk.executor.api.subscription.ResultSubscription.drain(ResultSubscription.java:266)
	at com.datastax.oss.dsbulk.executor.api.subscription.ResultSubscription.lambda$fetchNextPage$3(ResultSubscription.java:394)
	at com.datastax.oss.driver.internal.core.cql.CqlRequestHandler.setFinalResult(CqlRequestHandler.java:324) [3 skipped]
	at com.datastax.oss.driver.internal.core.cql.CqlRequestHandler.access$1500(CqlRequestHandler.java:95)
	at com.datastax.oss.driver.internal.core.cql.CqlRequestHandler$NodeResponseCallback.onResponse(CqlRequestHandler.java:655)

Resource: file:/Users/cedricklunven/dev/workspaces/datastax-workshops/workshop-betterreads/dataset/book_by_id_0.csv
Position: 133259
Source: OL20864358W,"[\"OL7977955A\", \"OL7977956A\"]","[\"Bob "Pritch" Pritchard\", \"Jensen Moore\"]",,"The Comprehensive Public Relations Reader","[\"10181263\"]",2020-06-14\u000a
java.lang.IllegalArgumentException: Expecting record to contain 7 fields but found 8.
	at com.datastax.oss.dsbulk.connectors.api.DefaultRecord.<init>(DefaultRecord.java:120)
	at com.datastax.oss.dsbulk.connectors.api.DefaultRecord.mapped(DefaultRecord.java:65)
	at com.datastax.oss.dsbulk.connectors.csv.CSVConnector$CSVRecordReader.parseNext(CSVConnector.java:314)
	at com.datastax.oss.dsbulk.connectors.csv.CSVConnector$CSVRecordReader.readNext(CSVConnector.java:291)
	at com.datastax.oss.dsbulk.executor.api.subscription.ResultSubscription.doOnNext(ResultSubscription.java:457) [19 skipped]
	at com.datastax.oss.dsbulk.executor.api.subscription.ResultSubscription.drain(ResultSubscription.java:266)
	at com.datastax.oss.dsbulk.executor.api.subscription.ResultSubscription.lambda$fetchNextPage$3(ResultSubscription.java:394)
	at com.datastax.oss.driver.internal.core.cql.CqlRequestHandler.setFinalResult(CqlRequestHandler.java:324) [3 skipped]
	at com.datastax.oss.driver.internal.core.cql.CqlRequestHandler.access$1500(CqlRequestHandler.java:95)
	at com.datastax.oss.driver.internal.core.cql.CqlRequestHandler$NodeResponseCallback.onResponse(CqlRequestHandler.java:655)

Resource: file:/Users/cedricklunven/dev/workspaces/datastax-workshops/workshop-betterreads/dataset/book_by_id_0.csv
Position: 139673
Source: OL22627310W,"[\"OL8637971A\"]","[\"Conference "Change and stability--state, politics and religion in the Middle East and North Africa" (2009 Kraków, Poland)\"]",,"Dilemmas of democracy in the Middle East","[]",2020-10-17\u000a
java.lang.IllegalArgumentException: Expecting record to contain 7 fields but found 9.
	at com.datastax.oss.dsbulk.connectors.api.DefaultRecord.<init>(DefaultRecord.java:120)
	at com.datastax.oss.dsbulk.connectors.api.DefaultRecord.mapped(DefaultRecord.java:65)
	at com.datastax.oss.dsbulk.connectors.csv.CSVConnector$CSVRecordReader.parseNext(CSVConnector.java:314)
	at com.datastax.oss.dsbulk.connectors.csv.CSVConnector$CSVRecordReader.readNext(CSVConnector.java:291)
	at com.datastax.oss.dsbulk.executor.api.subscription.ResultSubscription.doOnNext(ResultSubscription.java:457) [19 skipped]
	at com.datastax.oss.dsbulk.executor.api.subscription.ResultSubscription.drain(ResultSubscription.java:266)
	at com.datastax.oss.dsbulk.executor.api.subscription.ResultSubscription.lambda$fetchNextPage$3(ResultSubscription.java:394)
	at com.datastax.oss.driver.internal.core.cql.CqlRequestHandler.setFinalResult(CqlRequestHandler.java:324) [3 skipped]
	at com.datastax.oss.driver.internal.core.cql.CqlRequestHandler.access$1500(CqlRequestHandler.java:95)
	at com.datastax.oss.driver.internal.core.cql.CqlRequestHandler$NodeResponseCallback.onResponse(CqlRequestHandler.java:655)

Resource: file:/Users/cedricklunven/dev/workspaces/datastax-workshops/workshop-betterreads/dataset/book_by_id_0.csv
Position: 141012
Source: OL22940690W,"[\"OL8722145A\"]","[\"Mezhdunarodnai︠a︡ nauchnai︠a︡ konferent︠s︡ii︠a︡ "Evrei Evropy i Blizhnego Vostoka, istorii︠a︡, sot︠s︡iologii︠a︡, kulʹtura" (2014 Sankt-Petersburg, Russia)\"]",,"Evrei Evropy i Blizhnego Vostoka, istorii︠a︡, sot︠s︡iologii︠a︡, kulʹtura","[]",2020-11-04\u000a
java.lang.IllegalArgumentException: Expecting record to contain 7 fields but found 11.
	at com.datastax.oss.dsbulk.connectors.api.DefaultRecord.<init>(DefaultRecord.java:120)
	at com.datastax.oss.dsbulk.connectors.api.DefaultRecord.mapped(DefaultRecord.java:65)
	at com.datastax.oss.dsbulk.connectors.csv.CSVConnector$CSVRecordReader.parseNext(CSVConnector.java:314)
	at com.datastax.oss.dsbulk.connectors.csv.CSVConnector$CSVRecordReader.readNext(CSVConnector.java:291)
	at com.datastax.oss.dsbulk.executor.api.subscription.ResultSubscription.doOnNext(ResultSubscription.java:457) [19 skipped]
	at com.datastax.oss.dsbulk.executor.api.subscription.ResultSubscription.drain(ResultSubscription.java:266)
	at com.datastax.oss.dsbulk.executor.api.subscription.ResultSubscription.lambda$fetchNextPage$3(ResultSubscription.java:394)
	at com.datastax.oss.driver.internal.core.cql.CqlRequestHandler.setFinalResult(CqlRequestHandler.java:324) [3 skipped]
	at com.datastax.oss.driver.internal.core.cql.CqlRequestHandler.access$1500(CqlRequestHandler.java:95)
	at com.datastax.oss.driver.internal.core.cql.CqlRequestHandler$NodeResponseCallback.onResponse(CqlRequestHandler.java:655)

Resource: file:/Users/cedricklunven/dev/workspaces/datastax-workshops/workshop-betterreads/dataset/book_by_id_0.csv
Position: 142943
Source: OL23396282W,"[\"OL6695405A\"]","[]",,"Āyīnʹhā-yi sunnatī-i nawrūz dar Gīlān \","[]",2020-11-14\u000a
java.lang.IllegalArgumentException: Expecting record to contain 7 fields but found 6.
	at com.datastax.oss.dsbulk.connectors.api.DefaultRecord.<init>(DefaultRecord.java:120)
	at com.datastax.oss.dsbulk.connectors.api.DefaultRecord.mapped(DefaultRecord.java:65)
	at com.datastax.oss.dsbulk.connectors.csv.CSVConnector$CSVRecordReader.parseNext(CSVConnector.java:314)
	at com.datastax.oss.dsbulk.connectors.csv.CSVConnector$CSVRecordReader.readNext(CSVConnector.java:291)
	at com.datastax.oss.dsbulk.executor.api.subscription.ResultSubscription.doOnNext(ResultSubscription.java:457) [18 skipped]
	at com.datastax.oss.dsbulk.executor.api.subscription.ResultSubscription.drain(ResultSubscription.java:266)
	at com.datastax.oss.dsbulk.executor.api.subscription.ResultSubscription.lambda$fetchNextPage$3(ResultSubscription.java:394)
	at com.datastax.oss.driver.internal.core.cql.CqlRequestHandler.setFinalResult(CqlRequestHandler.java:324) [3 skipped]
	at com.datastax.oss.driver.internal.core.cql.CqlRequestHandler.access$1500(CqlRequestHandler.java:95)
	at com.datastax.oss.driver.internal.core.cql.CqlRequestHandler$NodeResponseCallback.onResponse(CqlRequestHandler.java:655)

